<?xml version="1.0" encoding="UTF-8"?>
<testng-results ignored="0" total="1" passed="1" failed="0" skipped="0">
  <reporter-output>
    <line>
      <![CDATA[Đã tìm thấy element thành công]]>
    </line>
  </reporter-output>
  <suite started-at="2025-11-15T15:27:21 ICT" name="Suite" finished-at="2025-11-15T15:27:21 ICT" duration-ms="190">
    <groups>
    </groups>
    <test started-at="2025-11-15T15:27:21 ICT" name="Test" finished-at="2025-11-15T15:27:21 ICT" duration-ms="190">
      <class name="pika.hungt1.dx.webautotest.WebAutomationTest1">
        <test-method is-config="true" signature="beforeSuite()[pri:0, instance:pika.hungt1.dx.webautotest.WebAutomationTest1@23bff419]" started-at="2025-11-15T15:27:11 ICT" name="beforeSuite" finished-at="2025-11-15T15:27:21 ICT" duration-ms="10640" status="PASS">
          <reporter-output>
          </reporter-output>
        </test-method> <!-- beforeSuite -->
        <test-method signature="test()[pri:0, instance:pika.hungt1.dx.webautotest.WebAutomationTest1@23bff419]" started-at="2025-11-15T15:27:21 ICT" name="test" finished-at="2025-11-15T15:27:21 ICT" duration-ms="98" status="PASS">
          <reporter-output>
            <line>
              <![CDATA[Đã tìm thấy element thành công]]>
            </line>
          </reporter-output>
        </test-method> <!-- test -->
        <test-method is-config="true" signature="afterSuite()[pri:0, instance:pika.hungt1.dx.webautotest.WebAutomationTest1@23bff419]" started-at="2025-11-15T15:27:22 ICT" name="afterSuite" finished-at="2025-11-15T15:27:22 ICT" duration-ms="190" status="PASS">
          <reporter-output>
          </reporter-output>
        </test-method> <!-- afterSuite -->
      </class> <!-- pika.hungt1.dx.webautotest.WebAutomationTest1 -->
    </test> <!-- Test -->
  </suite> <!-- Suite -->
</testng-results>
