<?xml version="1.0" encoding="UTF-8"?>
<!-- Generated by org.testng.reporters.JUnitReportReporter -->
<testsuite hostname="HUNG-PC" failures="0" tests="1" name="pika.hungt1.dx.webautotest.WebAutomationTest1" time="0.098" errors="0" timestamp="2025-11-15T15:27:22 ICT" skipped="0">
  <testcase classname="pika.hungt1.dx.webautotest.WebAutomationTest1" name="test" time="0.098">
    <system-out>
      <![CDATA[Đã tìm thấy element thành công]]>
    </system-out>
  </testcase> <!-- test -->
  <system-out>
    <![CDATA[Đã tìm thấy element thành công]]>
  </system-out>
</testsuite> <!-- pika.hungt1.dx.webautotest.WebAutomationTest1 -->
