<?xml version="1.0" encoding="UTF-8"?>
<!-- Generated by org.testng.reporters.JUnitReportReporter -->
<testsuite hostname="HUNG-PC" failures="0" tests="1" name="pika.hungt1.dx.NewTestTest" time="9.370" errors="0" timestamp="2025-11-13T16:08:34 ICT" skipped="0">
  <testcase classname="pika.hungt1.dx.NewTestTest" name="test" time="9.370">
    <system-out>
      <![CDATA[Yes, Trang web hiện tại có tiêu đề là **Google**]]>
    </system-out>
  </testcase> <!-- test -->
  <system-out>
    <![CDATA[edge
Yes, Trang web hiện tại có tiêu đề là **Google**]]>
  </system-out>
</testsuite> <!-- pika.hungt1.dx.NewTestTest -->
